dataSize,cvAcc,time
677,92.1713,0.11
1354,93.4269,0.28
2032,95.0787,0.41
2709,95.1274,0.44
3386,95.6881,0.80
4064,94.9803,0.67
4741,95.5916,1.07
5419,95.3681,1.20
6096,95.7513,1.36
6773,95.9102,1.27
7451,95.4905,1.20
8128,95.7308,1.66
8806,95.6393,1.86
9483,95.5921,1.52
10160,96.2008,1.93
10838,96.2078,2.09
11515,96.2744,2.19
12193,96.0469,2.49
12870,96.3248,2.55
13547,96.2649,2.61
14225,96.2179,2.80
14902,96.3562,2.76
15580,96.611,2.99
16257,96.4016,3.40
16934,96.3919,3.26
17612,96.3604,3.29
18289,96.435,3.49
18967,96.7259,3.67
19644,96.5791,3.71
20321,96.4667,3.91
20999,96.3855,3.91
21676,96.5722,3.46
22354,96.466,3.57
23031,96.6393,4.31
23708,96.6467,4.13
24386,96.6948,4.40
25063,96.6883,4.55
25741,96.4259,4.60
26418,96.7636,4.82
27095,96.7485,4.67
27773,96.8207,4.92
28450,96.6327,4.88
29128,96.7282,4.72
29805,96.7757,5.23
30482,96.9556,5.60
31160,96.7362,5.08
31837,96.7177,5.18
32515,96.863,5.03
33192,96.8004,5.69
33869,96.9973,5.36
34547,96.842,5.72
35224,96.8856,5.56
35902,96.8915,5.72
36579,96.9436,5.95
37256,96.8596,5.77
37934,96.8709,6.45
38611,97.0941,6.28
39289,96.9992,6.43
39966,96.8473,6.90
40643,96.9712,6.36
41321,96.7571,6.36
41998,97.0189,7.05
42676,96.8812,6.96
43353,96.9621,6.48
44030,96.8749,6.49
44708,97.0184,7.02
45385,96.9241,7.24
46063,96.9759,7.93
46740,97.1352,7.04
47417,96.8724,7.54
48095,96.9643,7.42
48772,97.0598,8.17
49450,96.9929,7.45
50127,97.1413,7.81
50804,96.9924,8.03
51482,97.1679,7.55
52159,96.8999,8.18
52837,96.9605,7.98
53514,97.0456,7.75
54191,97.0807,8.20
54869,97.0293,8.98
55546,97.0457,8.64
56224,97.0973,8.17
56901,97.0932,7.95
57578,97.1065,8.78
58256,97.1333,8.68
58933,97.1561,9.44
59611,97.1515,8.83
60288,97.1437,9.90
60965,97.182,8.33
61643,97.1854,9.47
62320,97.0956,9.86
62998,97.1523,9.98
63675,97.2768,9.91
64352,97.1594,8.59
65030,97.1198,9.75
65707,97.1038,9.05
66385,97.0551,9.24
67062,97.2727,9.58
67739,97.0608,10.60
68417,97.2171,10.73
69094,97.0707,9.85
69772,97.1321,9.69
70449,97.1313,10.14
71126,97.1853,11.66
71804,97.0712,10.78
72481,97.2255,10.09
73159,97.1965,10.05
73836,97.2344,12.23
74513,97.2193,10.90
75191,97.1446,10.31
75868,97.1253,11.25
76546,97.1416,11.81
77223,97.2353,10.87
77900,97.2221,12.31
78578,97.1824,11.05
79255,97.1384,11.42
79933,97.2102,11.04
80610,97.1145,12.53
81287,97.0684,11.72
81965,97.0853,11.88
82642,97.1879,12.75
83320,97.2864,13.43
83997,97.0844,11.82
84674,97.2329,11.47
85352,97.2186,12.90
86029,97.2254,14.29
86707,97.2447,12.42
87384,97.2455,13.41
88061,97.2053,12.25
88739,97.1591,13.29
89416,97.2712,13.85
90094,97.1641,12.53
90771,97.3207,12.36
91448,97.2618,13.12
92126,97.1821,14.03
92803,97.3514,13.05
93481,97.2294,13.80
94158,97.2631,14.79
94835,97.3364,13.00
95513,97.3553,13.59
96190,97.2586,13.88
96868,97.2746,15.86
97545,97.2115,15.75
98222,97.3356,14.49
98900,97.3114,14.59
99577,97.1981,15.47
100255,97.266,14.03
100932,97.211,15.16
101609,97.2995,14.72
102287,97.3486,13.74
102964,97.2612,14.17
103642,97.2955,14.33
104319,97.3667,15.62
104996,97.3294,17.26
105674,97.2245,14.34
106351,97.3823,16.23
107029,97.3708,15.48
107706,97.3335,16.23
108383,97.3723,16.64
109061,97.3281,16.18
109738,97.2316,17.17
110416,97.2468,15.44
111093,97.314,16.41
111770,97.3651,16.83
112448,97.2814,18.01
113125,97.2588,16.82
113803,97.399,18.39
114480,97.3445,17.30
115157,97.2794,18.49
115835,97.3177,17.19
116512,97.3247,17.70
117190,97.3232,21.42
117867,97.2537,18.38
118544,97.3664,21.00
119222,97.3386,17.91
119899,97.3728,18.21
120577,97.2822,17.56
121254,97.3997,17.89
121931,97.2829,19.59
122609,97.3281,17.91
123286,97.3712,18.37
123964,97.4105,19.70
124641,97.3363,18.85
125318,97.3348,19.26
125996,97.4182,18.88
126673,97.3617,18.86
127351,97.3483,17.06
128028,97.3951,19.17
128705,97.335,19.08
129383,97.4363,17.07
130060,97.3528,20.23
130738,97.3588,18.87
131415,97.3945,19.45
132092,97.3269,19.69
132770,97.3435,19.29
133447,97.4005,21.13
134125,97.3592,19.76
134802,97.3984,20.06
135479,97.3465,21.27
136157,97.3516,20.28
136834,97.3764,21.39
137511,97.382,20.05
138189,97.4144,20.35
138866,97.3946,18.16
139544,97.3851,20.73
140221,97.3271,20.91
140898,97.3406,21.09
141576,97.4614,20.80
142253,97.3449,21.11
142931,97.3519,21.14
143608,97.4472,21.53
144285,97.4488,22.86
144963,97.3786,22.62
145640,97.465,21.24
146318,97.3913,19.18
146995,97.4394,22.13
147672,97.3915,23.43
148350,97.4284,21.95
149027,97.4079,22.37
149705,97.3882,22.20
150382,97.3561,22.09
151059,97.4149,23.37
151737,97.379,23.49
152414,97.4031,22.69
153092,97.4381,23.59
153769,97.4845,23.63
154446,97.4496,23.79
155124,97.375,22.87
155801,97.4654,23.00
156479,97.445,20.61
157156,97.4363,23.19
157833,97.441,23.60
158511,97.5005,23.01
159188,97.4389,23.50
159866,97.4566,25.28
160543,97.4474,23.72
161220,97.4606,24.77
161898,97.4607,23.91
162575,97.424,23.94
163253,97.4702,24.13
163930,97.3891,24.06
164607,97.4612,24.70
165285,97.4462,25.56
165962,97.4693,24.55
166640,97.3926,24.54
167317,97.4211,24.60
167994,97.4529,25.27
168672,97.4436,26.91
169349,97.4626,25.13
170027,97.5233,25.40
170704,97.399,26.08
171381,97.4571,25.05
172059,97.4956,25.44
172736,97.5124,25.49
173414,97.4535,25.54
174091,97.4996,25.84
174768,97.5093,25.48
175446,97.4442,26.13
176123,97.4983,28.58
176801,97.4638,27.05
177478,97.4549,27.62
178155,97.5274,25.98
178833,97.4613,27.10
179510,97.4503,25.99
180188,97.4793,26.81
180865,97.5075,26.71
181542,97.4854,23.77
182220,97.4558,28.98
182897,97.5265,26.67
183575,97.522,26.73
184252,97.4557,27.59
184929,97.5158,27.99
185607,97.4931,28.10
186284,97.536,27.75
186962,97.5059,27.79
187639,97.5341,28.43
188316,97.501,27.72
188994,97.4899,27.40
189671,97.4856,25.68
190349,97.4936,28.15
191026,97.5338,28.36
191703,97.4935,27.93
192381,97.5335,28.15
193058,97.5111,29.17
193736,97.5229,29.10
194413,97.4806,28.76
195090,97.4806,29.76
195768,97.4659,29.71
196445,97.5489,29.20
197123,97.4681,29.42
197800,97.5495,29.36
198477,97.5317,29.52
199155,97.4964,29.38
199832,97.5795,29.22
200510,97.4829,29.94
201187,97.4824,30.78
201864,97.537,29.31
202542,97.5368,29.64
203219,97.5278,29.96
203897,97.5198,30.45
204574,97.5099,30.34
205251,97.4811,30.86
205929,97.5055,31.41
206606,97.5378,34.81
207284,97.5097,37.67
207961,97.488,29.80
208638,97.5345,32.39
209316,97.5301,31.03
209993,97.5056,30.87
210671,97.5398,32.24
211348,97.5614,30.63
212025,97.5116,31.50
212703,97.5783,32.04
213380,97.5049,31.13
214058,97.5357,30.60
214735,97.4997,31.50
215412,97.5452,30.56
216090,97.576,31.59
216767,97.4701,32.21
217445,97.5833,33.32
218122,97.5294,32.85
218799,97.5452,33.46
219477,97.5027,32.14
220154,97.5613,32.02
220832,97.5289,32.08
221509,97.6195,32.11
222186,97.5376,32.46
222864,97.5097,32.56
223541,97.5597,32.73
224219,97.547,33.39
224896,97.5251,32.98
225573,97.5875,32.85
226251,97.6062,33.13
226928,97.5649,33.21
227606,97.5374,31.84
228283,97.5846,33.32
228960,97.5271,34.02
229638,97.5335,34.15
230315,97.5256,34.98
230993,97.5701,33.64
231670,97.5867,33.99
232347,97.5046,34.03
233025,97.5694,33.96
233702,97.5854,33.67
234380,97.5574,34.61
235057,97.5431,32.07
235734,97.5303,32.97
236412,97.542,32.07
237089,97.5532,32.39
237767,97.5404,32.52
238444,97.5751,32.29
239121,97.5795,37.98
239799,97.5688,32.76
240476,97.6081,32.79
241154,97.5348,32.91
241831,97.5532,32.67
242508,97.53,32.78
243186,97.6133,33.19
243863,97.5552,33.38
244541,97.5579,33.67
245218,97.5715,39.12
245895,97.5782,33.33
246573,97.5618,33.64
247250,97.598,33.82
247928,97.5198,33.76
248605,97.5363,33.59
249282,97.5706,34.10
249960,97.5832,34.31
250637,97.63,34.34
251315,97.6062,33.77
251992,97.6198,34.26
252669,97.5866,37.07
253347,97.5772,34.69
254024,97.6026,34.79
254702,97.6039,34.58
255379,97.6298,34.96
256056,97.5607,35.01
256734,97.6006,35.04
257411,97.5483,34.30
258089,97.5946,35.09
258766,97.6087,35.18
259443,97.6438,35.28
260121,97.5857,41.80
260798,97.6307,35.26
261476,97.552,36.17
262153,97.5808,35.80
262830,97.5775,35.71
263508,97.5515,35.80
264185,97.6149,35.90
264863,97.567,36.18
265540,97.5928,36.01
266217,97.6162,39.95
266895,97.6257,36.00
267572,97.5707,36.23
268250,97.6529,36.59
268927,97.5934,36.73
269604,97.5831,36.66
270282,97.5966,37.01
270959,97.5959,37.00
271636,97.585,37.08
272314,97.6505,37.44
272991,97.627,36.84
273669,97.5967,36.98
274346,97.5782,37.38
275023,97.5911,37.70
275701,97.5996,36.90
276378,97.625,37.88
277056,97.5666,38.27
277733,97.6074,37.98
278410,97.5978,37.89
279088,97.5746,38.47
279765,97.623,38.34
280443,97.5888,38.24
281120,97.595,38.63
281797,97.5862,38.19
282475,97.557,38.17
283152,97.6013,43.27
283830,97.6215,40.93
284507,97.5997,40.49
285184,97.6275,40.92
285862,97.6177,40.88
286539,97.5944,41.96
287217,97.5983,42.54
287894,97.5981,40.50
288571,97.6318,40.60
289249,97.5948,49.39
289926,97.5494,40.68
290604,97.6036,42.50
291281,97.6071,42.12
291958,97.5342,38.54
292636,97.6305,39.87
293313,97.6234,40.52
293991,97.637,39.19
294668,97.5671,38.84
295345,97.617,42.85
296023,97.564,39.41
296700,97.6121,40.67
297378,97.6108,42.80
298055,97.6038,43.13
298732,97.6296,43.67
299410,97.6126,44.46
300087,97.5914,42.68
300765,97.6706,44.57
301442,97.5836,40.85
302119,97.59,40.98
302797,97.606,43.10
303474,97.5916,44.24
304152,97.6453,42.91
304829,97.6393,47.04
305506,97.656,41.94
306184,97.6348,46.36
306861,97.6067,42.12
307539,97.5795,39.67
308216,97.6332,42.52
308893,97.6422,41.86
309571,97.5521,41.66
310248,97.5926,47.11
310926,97.6358,46.96
311603,97.5758,42.39
312280,97.5852,44.98
312958,97.5885,46.62
313635,97.6291,45.93
314313,97.6282,44.25
314990,97.6282,44.83
315667,97.5807,45.80
316345,97.6466,44.47
317022,97.6286,46.42
317700,97.6106,46.61
318377,97.5673,45.24
319054,97.6402,44.75
319732,97.6674,47.53
320409,97.5812,43.58
321087,97.6452,46.45
321764,97.6243,46.84
322441,97.6135,45.64
323119,97.6133,46.83
323796,97.6025,45.19
324474,97.6356,43.23
325151,97.6719,45.34
325828,97.6193,43.01
326506,97.604,45.32
327183,97.6252,45.44
327861,97.6158,43.95
328538,97.6642,45.72
329215,97.642,47.06
329893,97.601,43.40
330570,97.6029,46.60
331248,97.6211,43.67
331925,97.6314,46.21
332602,97.558,58.57
333280,97.6509,46.57
333957,97.6377,46.54
334635,97.6341,46.58
335312,97.6318,46.70
335989,97.6297,46.53
336667,97.5843,44.48
337344,97.6214,49.83
338022,97.6226,46.48
338699,97.6705,52.04
339376,97.6439,49.44
340054,97.6207,49.51
340731,97.6518,48.45
341409,97.6453,54.99
342086,97.6105,48.36
342763,97.6558,51.36
343441,97.6351,46.51
344118,97.6183,49.64
344796,97.6076,51.71
345473,97.6516,49.34
346150,97.6504,51.55
346828,97.6585,50.06
347505,97.6585,49.72
348183,97.659,49.85
348860,97.6283,50.12
349537,97.6689,50.46
350215,97.6197,54.25
350892,97.6791,49.86
351570,97.6605,50.36
352247,97.6298,53.97
352924,97.6596,52.78
353602,97.6796,53.25
354279,97.6756,59.93
354957,97.6397,53.18
355634,97.6127,48.83
356311,97.6215,51.08
356989,97.6436,51.13
357666,97.6811,57.88
358344,97.664,51.92
359021,97.6506,50.68
359698,97.6397,48.97
360376,97.6153,51.53
361053,97.6627,51.78
361731,97.6447,59.29
362408,97.6684,56.64
363085,97.6273,50.05
363763,97.6542,51.20
364440,97.6882,51.22
365118,97.6536,55.22
365795,97.6722,53.06
366472,97.6841,54.39
367150,97.6538,55.41
367827,97.6755,54.65
368505,97.6426,52.90
369182,97.6505,51.65
369859,97.6551,59.99
370537,97.6477,51.31
371214,97.6434,51.69
371892,97.6512,53.70
372569,97.631,52.19
373246,97.6501,58.05
373924,97.6423,51.50
374601,97.6679,54.18
375279,97.658,53.32
375956,97.6354,52.63
376633,97.6688,54.49
377311,97.6526,51.22
377988,97.6624,51.57
378666,97.6618,56.48
379343,97.6225,54.98
380020,97.6454,54.42
380698,97.6577,53.36
381375,97.6511,54.00
382053,97.677,56.57
382730,97.654,53.91
383407,97.6448,53.75
384085,97.6698,53.86
384762,97.6728,57.81
385440,97.6435,53.76
386117,97.6663,54.10
386794,97.6703,59.55
387472,97.6731,52.31
388149,97.6597,54.85
388827,97.6481,52.18
389504,97.6424,55.45
390181,97.6578,55.68
390859,97.6782,52.99
391536,97.684,54.85
392214,97.6921,55.14
392891,97.6192,55.90
393568,97.6926,56.65
394246,97.6695,63.18
394923,97.6801,57.43
395601,97.6684,56.19
396278,97.6935,53.39
396955,97.6713,53.91
397633,97.6861,56.17
398310,97.6471,57.84
398988,97.6546,56.86
399665,97.6768,54.11
400342,97.6725,59.19
401020,97.6482,54.61
401697,97.6761,62.33
402375,97.676,56.69
403052,97.6554,55.27
403729,97.644,56.79
404407,97.6516,55.00
405084,97.6879,56.33
405762,97.641,54.63
406439,97.6626,54.52
407116,97.6835,63.57
407794,97.7028,56.63
408471,97.6911,57.13
409148,97.6698,58.08
409826,97.671,61.97
410503,97.6375,55.05
411181,97.6757,57.66
411858,97.6472,54.55
412535,97.6807,58.18
413213,97.6784,55.53
413890,97.6844,55.27
414568,97.681,55.46
415245,97.6968,57.16
415922,97.6551,58.55
416600,97.694,62.21
417277,97.6649,59.14
417955,97.6634,60.43
418632,97.6844,57.99
419309,97.6585,55.80
419987,97.7042,58.75
420664,97.7003,57.01
421342,97.6596,56.23
422019,97.6852,59.66
422696,97.7147,59.43
423374,97.6633,57.04
